---------- Date: 2015-11-09 11:30:52 ~ IP : 176.37.26.215 ----------
REQUEST URI : /admin/index.php?route=tool/vqmod_manager_aepro&token=f2f6ae8108575946657bde0e1f2f2bd4
MOD DETAILS:
   modFile   : /var/www/teploceramic/teploceramic.pro/vqmod/xml/enhanced_vqmod_manager-v1.0.xml
   id        : Enhanced VQMod Manager and Editor
   version   : 1.0
   vqmver    : 2.5.1
   author    : <span style="color:#333; font-weight:bold;">Mike Francis - SBWD</span><br /><a href="http://www.opencart.com/index.php?route=extension/extension&filter_username=mike420" target="_blank">More Extensions <i class="fa fa-external-link"></i></a>

File Name    : admin/language/*/common/menu.php(0)
VQModObject::applyMod - SEARCH NOT FOUND (SKIPPED): $_['text_paypal_search']               = 'Search';

----------------------------------------------------------------------


---------- Date: 2015-11-09 11:48:34 ~ IP : 176.37.26.215 ----------
REQUEST URI : /admin/index.php?route=tool/vqmod_manager_aepro&token=46ab6873f0e61a9a7dd3d5537ee38532
MOD DETAILS:
   modFile   : /var/www/teploceramic/teploceramic.pro/vqmod/xml/enhanced_vqmod_manager-v1.0.xml
   id        : Enhanced VQMod Manager and Editor
   version   : 1.0
   vqmver    : 2.5.1
   author    : <span style="color:#333; font-weight:bold;">Mike Francis - SBWD</span><br /><a href="http://www.opencart.com/index.php?route=extension/extension&filter_username=mike420" target="_blank">More Extensions <i class="fa fa-external-link"></i></a>

File Name    : admin/language/*/common/menu.php(0)
VQModObject::applyMod - SEARCH NOT FOUND (SKIPPED): $_['text_paypal_search']               = 'Search';

----------------------------------------------------------------------


---------- Date: 2015-11-09 11:48:37 ~ IP : 176.37.26.215 ----------
REQUEST URI : /admin/index.php?route=tool/vqmod_manager_aepro&token=46ab6873f0e61a9a7dd3d5537ee38532
MOD DETAILS:
   modFile   : /var/www/teploceramic/teploceramic.pro/vqmod/xml/enhanced_vqmod_manager-v1.0.xml
   id        : Enhanced VQMod Manager and Editor
   version   : 1.0
   vqmver    : 2.5.1
   author    : <span style="color:#333; font-weight:bold;">Mike Francis - SBWD</span><br /><a href="http://www.opencart.com/index.php?route=extension/extension&filter_username=mike420" target="_blank">More Extensions <i class="fa fa-external-link"></i></a>

File Name    : admin/language/*/common/menu.php(0)
VQModObject::applyMod - SEARCH NOT FOUND (SKIPPED): $_['text_paypal_search']               = 'Search';

----------------------------------------------------------------------


---------- Date: 2015-11-09 11:50:24 ~ IP : 176.37.26.215 ----------
REQUEST URI : /admin/index.php?route=tool/vqmod_manager_aepro&token=46ab6873f0e61a9a7dd3d5537ee38532
MOD DETAILS:
   modFile   : /var/www/teploceramic/teploceramic.pro/vqmod/xml/enhanced_vqmod_manager-v1.0.xml
   id        : Enhanced VQMod Manager and Editor
   version   : 1.0
   vqmver    : 2.5.1
   author    : <span style="color:#333; font-weight:bold;">Mike Francis - SBWD</span><br /><a href="http://www.opencart.com/index.php?route=extension/extension&filter_username=mike420" target="_blank">More Extensions <i class="fa fa-external-link"></i></a>

File Name    : admin/language/*/common/menu.php(0)
VQModObject::applyMod - SEARCH NOT FOUND (SKIPPED): $_['text_paypal_search']               = 'Search';

----------------------------------------------------------------------


---------- Date: 2015-11-09 12:16:12 ~ IP : 176.37.26.215 ----------
REQUEST URI : /admin/index.php?route=tool/vqmod_manager_aepro&token=b895587f38f2aa8693bbb67b1e5d1460
MOD DETAILS:
   modFile   : /var/www/teploceramic/teploceramic.pro/vqmod/xml/enhanced_vqmod_manager-v1.0.xml
   id        : Enhanced VQMod Manager and Editor
   version   : 1.0
   vqmver    : 2.5.1
   author    : <span style="color:#333; font-weight:bold;">Mike Francis - SBWD</span><br /><a href="http://www.opencart.com/index.php?route=extension/extension&filter_username=mike420" target="_blank">More Extensions <i class="fa fa-external-link"></i></a>

File Name    : admin/language/*/common/menu.php(0)
VQModObject::applyMod - SEARCH NOT FOUND (SKIPPED): $_['text_paypal_search']               = 'Search';

----------------------------------------------------------------------


---------- Date: 2015-11-09 12:16:15 ~ IP : 176.37.26.215 ----------
REQUEST URI : /admin/index.php?route=tool/vqmod_manager_aepro&token=b895587f38f2aa8693bbb67b1e5d1460
MOD DETAILS:
   modFile   : /var/www/teploceramic/teploceramic.pro/vqmod/xml/enhanced_vqmod_manager-v1.0.xml
   id        : Enhanced VQMod Manager and Editor
   version   : 1.0
   vqmver    : 2.5.1
   author    : <span style="color:#333; font-weight:bold;">Mike Francis - SBWD</span><br /><a href="http://www.opencart.com/index.php?route=extension/extension&filter_username=mike420" target="_blank">More Extensions <i class="fa fa-external-link"></i></a>

File Name    : admin/language/*/common/menu.php(0)
VQModObject::applyMod - SEARCH NOT FOUND (SKIPPED): $_['text_paypal_search']               = 'Search';

----------------------------------------------------------------------


---------- Date: 2015-11-09 12:18:32 ~ IP : 176.37.26.215 ----------
REQUEST URI : /admin/index.php?route=tool/vqmod_manager_aepro&token=b895587f38f2aa8693bbb67b1e5d1460
MOD DETAILS:
   modFile   : /var/www/teploceramic/teploceramic.pro/vqmod/xml/enhanced_vqmod_manager-v1.0.xml
   id        : Enhanced VQMod Manager and Editor
   version   : 1.0
   vqmver    : 2.5.1
   author    : <span style="color:#333; font-weight:bold;">Mike Francis - SBWD</span><br /><a href="http://www.opencart.com/index.php?route=extension/extension&filter_username=mike420" target="_blank">More Extensions <i class="fa fa-external-link"></i></a>

File Name    : admin/language/*/common/menu.php(0)
VQModObject::applyMod - SEARCH NOT FOUND (SKIPPED): $_['text_paypal_search']               = 'Search';

----------------------------------------------------------------------


---------- Date: 2015-11-09 12:20:02 ~ IP : 176.37.26.215 ----------
REQUEST URI : /admin/index.php?route=tool/vqmod_manager_aepro&token=b895587f38f2aa8693bbb67b1e5d1460
MOD DETAILS:
   modFile   : /var/www/teploceramic/teploceramic.pro/vqmod/xml/enhanced_vqmod_manager-v1.0.xml
   id        : Enhanced VQMod Manager and Editor
   version   : 1.0
   vqmver    : 2.5.1
   author    : <span style="color:#333; font-weight:bold;">Mike Francis - SBWD</span><br /><a href="http://www.opencart.com/index.php?route=extension/extension&filter_username=mike420" target="_blank">More Extensions <i class="fa fa-external-link"></i></a>

File Name    : admin/language/*/common/menu.php(0)
VQModObject::applyMod - SEARCH NOT FOUND (SKIPPED): $_['text_paypal_search']               = 'Search';

----------------------------------------------------------------------


---------- Date: 2015-11-09 12:24:40 ~ IP : 176.37.26.215 ----------
REQUEST URI : /admin/index.php?route=tool/vqmod_manager_aepro&token=b895587f38f2aa8693bbb67b1e5d1460
MOD DETAILS:
   modFile   : /var/www/teploceramic/teploceramic.pro/vqmod/xml/enhanced_vqmod_manager-v1.0.xml
   id        : Enhanced VQMod Manager and Editor
   version   : 1.0
   vqmver    : 2.5.1
   author    : <span style="color:#333; font-weight:bold;">Mike Francis - SBWD</span><br /><a href="http://www.opencart.com/index.php?route=extension/extension&filter_username=mike420" target="_blank">More Extensions <i class="fa fa-external-link"></i></a>

File Name    : admin/language/*/common/menu.php(0)
VQModObject::applyMod - SEARCH NOT FOUND (SKIPPED): $_['text_paypal_search']               = 'Search';

----------------------------------------------------------------------


---------- Date: 2015-11-09 12:38:56 ~ IP : 176.37.26.215 ----------
REQUEST URI : /admin/index.php?route=tool/vqmod_manager_aepro&token=7c3364928ff23c313c3d8eadd6274742
MOD DETAILS:
   modFile   : /var/www/teploceramic/teploceramic.pro/vqmod/xml/enhanced_vqmod_manager-v1.0.xml
   id        : Enhanced VQMod Manager and Editor
   version   : 1.0
   vqmver    : 2.5.1
   author    : <span style="color:#333; font-weight:bold;">Mike Francis - SBWD</span><br /><a href="http://www.opencart.com/index.php?route=extension/extension&filter_username=mike420" target="_blank">More Extensions <i class="fa fa-external-link"></i></a>

File Name    : admin/language/*/common/menu.php(0)
VQModObject::applyMod - SEARCH NOT FOUND (SKIPPED): $_['text_paypal_search']               = 'Search';

----------------------------------------------------------------------


---------- Date: 2015-11-09 12:39:01 ~ IP : 176.37.26.215 ----------
REQUEST URI : /admin/index.php?route=tool/vqmod_manager_aepro&token=7c3364928ff23c313c3d8eadd6274742
MOD DETAILS:
   modFile   : /var/www/teploceramic/teploceramic.pro/vqmod/xml/enhanced_vqmod_manager-v1.0.xml
   id        : Enhanced VQMod Manager and Editor
   version   : 1.0
   vqmver    : 2.5.1
   author    : <span style="color:#333; font-weight:bold;">Mike Francis - SBWD</span><br /><a href="http://www.opencart.com/index.php?route=extension/extension&filter_username=mike420" target="_blank">More Extensions <i class="fa fa-external-link"></i></a>

File Name    : admin/language/*/common/menu.php(0)
VQModObject::applyMod - SEARCH NOT FOUND (SKIPPED): $_['text_paypal_search']               = 'Search';

----------------------------------------------------------------------


---------- Date: 2015-11-09 12:46:49 ~ IP : 176.37.26.215 ----------
REQUEST URI : /admin/index.php?route=tool/vqmod_manager_aepro&token=4ad72cbf897d3d2f27f90005e1a61f73
MOD DETAILS:
   modFile   : /var/www/teploceramic/teploceramic.pro/vqmod/xml/enhanced_vqmod_manager-v1.0.xml
   id        : Enhanced VQMod Manager and Editor
   version   : 1.0
   vqmver    : 2.5.1
   author    : <span style="color:#333; font-weight:bold;">Mike Francis - SBWD</span><br /><a href="http://www.opencart.com/index.php?route=extension/extension&filter_username=mike420" target="_blank">More Extensions <i class="fa fa-external-link"></i></a>

File Name    : admin/language/*/common/menu.php(0)
VQModObject::applyMod - SEARCH NOT FOUND (SKIPPED): $_['text_paypal_search']               = 'Search';

----------------------------------------------------------------------


---------- Date: 2015-11-09 12:46:51 ~ IP : 176.37.26.215 ----------
REQUEST URI : /admin/index.php?route=tool/vqmod_manager_aepro&token=4ad72cbf897d3d2f27f90005e1a61f73
MOD DETAILS:
   modFile   : /var/www/teploceramic/teploceramic.pro/vqmod/xml/enhanced_vqmod_manager-v1.0.xml
   id        : Enhanced VQMod Manager and Editor
   version   : 1.0
   vqmver    : 2.5.1
   author    : <span style="color:#333; font-weight:bold;">Mike Francis - SBWD</span><br /><a href="http://www.opencart.com/index.php?route=extension/extension&filter_username=mike420" target="_blank">More Extensions <i class="fa fa-external-link"></i></a>

File Name    : admin/language/*/common/menu.php(0)
VQModObject::applyMod - SEARCH NOT FOUND (SKIPPED): $_['text_paypal_search']               = 'Search';

----------------------------------------------------------------------


---------- Date: 2015-11-09 12:47:54 ~ IP : 176.37.26.215 ----------
REQUEST URI : /admin/index.php?route=tool/vqmod_manager_aepro&token=4ad72cbf897d3d2f27f90005e1a61f73
MOD DETAILS:
   modFile   : /var/www/teploceramic/teploceramic.pro/vqmod/xml/enhanced_vqmod_manager-v1.0.xml
   id        : Enhanced VQMod Manager and Editor
   version   : 1.0
   vqmver    : 2.5.1
   author    : <span style="color:#333; font-weight:bold;">Mike Francis - SBWD</span><br /><a href="http://www.opencart.com/index.php?route=extension/extension&filter_username=mike420" target="_blank">More Extensions <i class="fa fa-external-link"></i></a>

File Name    : admin/language/*/common/menu.php(0)
VQModObject::applyMod - SEARCH NOT FOUND (SKIPPED): $_['text_paypal_search']               = 'Search';

----------------------------------------------------------------------


